positions: instr line
events: cpu(ms)

ob=(1) /private/var/folders/nz/dxpgsl8d4h588d8w1m2dntmc0000gn/T/go-build2222869690/b001/exe/gantry
fl=(1) /opt/homebrew/Cellar/go/1.24.3/libexec/src/runtime/sys_darwin.go
fn=(1) syscall.syscall
0x10479b017 28 60

ob=(1)
fl=(1)
fn=(2) runtime.pthread_kill
-106380 208 40

ob=(1)
fl=(1)
fn=(3) runtime.kevent
+1268 498 30

ob=(1)
fl=(1)
fn=(4) runtime.pthread_cond_wait
+304 547 20

ob=(1)
fl=(1)
fn=(5) runtime.pthread_cond_signal
+128 568 20

ob=(1)
fl=(2) /opt/homebrew/Cellar/go/1.24.3/libexec/src/runtime/malloc.go
fn=(6) runtime.mallocgcSmallScanNoHeader
-302255 1397 10

ob=(1)
fl=(3) /opt/homebrew/Cellar/go/1.24.3/libexec/src/runtime/mgcwork.go
fn=(7) runtime.(*gcWork).putFast
+59420 158 10

ob=(1)
fl=(4) /opt/homebrew/Cellar/go/1.24.3/libexec/src/runtime/string.go
fn=(8) runtime.slicerunetostring
+230156 271 10

ob=(1)
fl=(1)
fn=(9) runtime.madvise
+11235 284 10

ob=(1)
fl=(5) /opt/homebrew/Cellar/go/1.24.3/libexec/src/runtime/utf8.go
fn=(10) runtime.encoderune
+66097 104 10

ob=(1)
fl=(6) /opt/homebrew/Cellar/go/1.24.3/libexec/src/runtime/memclr_arm64.s
fn=(11) runtime.memclrNoHeapPointers
+59548 54 10
+312 179 10

ob=(1)
fl=(7) /Users/pav/go/pkg/mod/github.com/gdamore/tcell/v2@v2.8.1/cell.go
fn=(12) github.com/gdamore/tcell/v2.(*CellBuffer).SetContent
+843952 79 10

ob=(1)
fl=(7)
fn=(13) github.com/gdamore/tcell/v2.(*CellBuffer).Dirty
+816 120 10

ob=(1)
fl=(8) /Users/pav/go/pkg/mod/github.com/gdamore/tcell/v2@v2.8.1/screen.go
fn=(14) github.com/gdamore/tcell/v2.(*baseScreen).SetContent
+6379 409 10

ob=(1)
fl=(9) /Users/pav/go/pkg/mod/github.com/gdamore/tcell/v2@v2.8.1/tscreen.go
fn=(15) github.com/gdamore/tcell/v2.(*tScreen).drawCell
+41725 832 10

ob=(1)
fl=(10) /Users/pav/dev/cli/gantry/tui/terminal.go
fn=(16) gantry/tui.(*Terminal).flushBuf
+29760 63 10

ob=(1)
fl=(11) /opt/homebrew/Cellar/go/1.24.3/libexec/src/runtime/lock_sema.go
fn=(17) runtime.notewakeup
-1358421 42 0
cfl=(12) /opt/homebrew/Cellar/go/1.24.3/libexec/src/runtime/os_darwin.go
cfn=(18) runtime.semawakeup
calls=0 -1199985 85
* * 20

ob=(1)
fl=(11)
fn=(19) runtime.notesleep
+244 62 0
cfl=(12)
cfn=(20) runtime.semasleep
calls=0 +158096 72
* * 20

ob=(1)
fl=(2)
fn=(21) runtime.mallocgcSmallScanHeader
+9548 1468 0
cfl=(6)
cfn=(11)
calls=0 +435545 179
* * 10

ob=(1)
fl=(2)
fn=(22) runtime.deductAssistCredit
+1696 1679 0
cfl=(13) /opt/homebrew/Cellar/go/1.24.3/libexec/src/runtime/mgcmark.go
cfn=(23) runtime.gcAssistAlloc
calls=0 +49752 560
* * 10

ob=(1)
fl=(14) /opt/homebrew/Cellar/go/1.24.3/libexec/src/runtime/proc.go
fn=(24) runtime.gcMarkDone.forEachP.func5
+31564 2035 0
cfl=(14)
cfn=(25) runtime.forEachPInternal
calls=0 +185016 2066
* * 10

ob=(1)
fl=(15) /opt/homebrew/Cellar/go/1.24.3/libexec/src/runtime/mgc.go
fn=(26) runtime.gcBgMarkWorker.func2
+5720 1519 0
cfl=(13)
cfn=(27) runtime.gcDrainMarkWorkerIdle
calls=0 +5720 1100
* * 20

ob=(1)
fl=(13)
fn=(27)
* 1100 0
cfl=(13)
cfn=(28) runtime.gcDrain
calls=0 +16136 1210
* * 20

ob=(1)
fl=(15)
fn=(26)
+44 1500 0
cfl=(13)
cfn=(29) runtime.gcDrainMarkWorkerDedicated
calls=0 +44 1110
* * 10

ob=(1)
fl=(13)
fn=(29)
* 1110 0
cfl=(13)
cfn=(28)
calls=0 +16848 1186
* * 10

ob=(1)
fl=(13)
fn=(30) runtime.markroot
+7692 214 0
cfl=(13)
cfn=(31) runtime.markroot.func1
calls=0 +8500 240
* * 20

ob=(1)
fl=(13)
fn=(31)
+808 240 0
cfl=(13)
cfn=(32) runtime.scanstack
calls=0 +6752 916
* * 20

ob=(1)
fl=(13)
fn=(23)
+2228 560 0
cfl=(16) /opt/homebrew/Cellar/go/1.24.3/libexec/src/runtime/asm_arm64.s
cfn=(33) runtime.systemstack
calls=0 +367204 244
* * 10

ob=(1)
fl=(13)
fn=(34) runtime.gcAssistAlloc.func2
+904 561 0
cfl=(13)
cfn=(35) runtime.gcAssistAlloc1
calls=0 +1308 670
* * 10

ob=(1)
fl=(13)
fn=(35)
+404 670 0
cfl=(13)
cfn=(36) runtime.gcDrainN
calls=0 +5728 1309
* * 10

ob=(1)
fl=(13)
fn=(32)
+2408 916 0
cfl=(13)
cfn=(37) runtime.scanblock
calls=0 +5780 1363
* * 20

ob=(1)
fl=(13)
fn=(28)
+1648 1210 0
cfl=(3)
cfn=(38) runtime.(*gcWork).balance
calls=0 +33776 304
* * 20
+756 1186 0
cfl=(13)
cfn=(30)
calls=0 -8400 214
* * 10

ob=(1)
fl=(13)
fn=(36)
+512 1309 0
cfl=(13)
cfn=(30)
calls=0 -9156 214
* * 10

ob=(1)
fl=(13)
fn=(37)
+456 1363 0
cfl=(13)
cfn=(39) runtime.greyobject
calls=0 +2265 1632
* * 10
cfl=(13)
cfn=(39)
calls=0 +2296 1633
* * 10

ob=(1)
fl=(13)
fn=(39)
+1809 1632 0
cfl=(3)
cfn=(7)
calls=0 +1809 158
* * 10
+31 1633 0
cfl=(3)
cfn=(40) runtime.(*gcWork).put
calls=0 +27403 144
* * 10

ob=(1)
fl=(17) /opt/homebrew/Cellar/go/1.24.3/libexec/src/runtime/mgcpacer.go
fn=(41) runtime.(*gcControllerState).enlistWorker
+4456 723 0
cfl=(14)
cfn=(42) runtime.preemptone
calls=0 +171472 6374
* * 30

ob=(1)
fl=(3)
fn=(40)
+22916 144 0
cfl=(17)
cfn=(41)
calls=0 * 723
* * 10

ob=(1)
fl=(3)
fn=(38)
+1192 304 0
cfl=(17)
cfn=(41)
calls=0 -22916 723
* * 20

ob=(1)
fl=(18) /opt/homebrew/Cellar/go/1.24.3/libexec/src/runtime/mheap.go
fn=(43) runtime.(*mheap).alloc.func1
+5420 970 0
cfl=(18)
cfn=(44) runtime.(*mheap).allocSpan
calls=0 +7452 1353
* * 10

ob=(1)
fl=(18)
fn=(44)
+2032 1353 0
cfl=(19) /opt/homebrew/Cellar/go/1.24.3/libexec/src/runtime/mem.go
cfn=(45) runtime.sysUsed
calls=0 +2032 77
* * 10

ob=(1)
fl=(19)
fn=(45)
* 77 0
cfl=(20) /opt/homebrew/Cellar/go/1.24.3/libexec/src/runtime/mem_darwin.go
cfn=(46) runtime.sysUsedOS
calls=0 * 33
* * 10

ob=(1)
fl=(20)
fn=(46)
* 33 0
cfl=(1)
cfn=(9)
calls=0 +205344 284
* * 10

ob=(1)
fl=(21) /opt/homebrew/Cellar/go/1.24.3/libexec/src/runtime/netpoll_kqueue.go
fn=(47) runtime.netpoll
+52236 110 0
cfl=(1)
cfn=(3)
calls=0 +206356 498
* * 30

ob=(1)
fl=(12)
fn=(20)
+1372 72 0
cfl=(1)
cfn=(4)
calls=0 +154424 547
* * 20

ob=(1)
fl=(12)
fn=(18)
+340 85 0
cfl=(1)
cfn=(5)
calls=0 +153180 568
* * 20

ob=(1)
fl=(14)
fn=(48) runtime.main
+23260 283 0
cfl=(22) /Users/pav/dev/cli/gantry/main.go
cfn=(49) main.main
calls=0 +3303768 46
* * 160
cfl=(22)
cfn=(49)
calls=0 +3303812 53
* * 10

ob=(1)
fl=(14)
fn=(25)
+14808 2066 0
cfl=(14)
cfn=(50) runtime.preemptall
calls=0 +58084 6336
* * 10

ob=(1)
fl=(14)
fn=(51) runtime.mPark
+5944 1887 0
cfl=(11)
cfn=(19)
calls=0 -196260 62
* * 20

ob=(1)
fl=(14)
fn=(52) runtime.stopm
* 2910 0
cfl=(14)
cfn=(51)
calls=0 * 1887
* * 20

ob=(1)
fl=(14)
fn=(53) runtime.startm
+648 3023 0
cfl=(11)
cfn=(17)
calls=0 -202448 42
* * 20

ob=(1)
fl=(14)
fn=(54) runtime.findRunnable
+3840 3365 0
cfl=(21)
cfn=(47)
calls=0 -46372 110
* * 10
+1560 3605 0
cfl=(21)
cfn=(47)
calls=0 -50212 110
* * 20
+1692 3647 0
cfl=(14)
cfn=(52)
calls=0 -6048 2910
* * 20

ob=(1)
fl=(14)
fn=(55) runtime.resetspinning
+4132 3885 0
cfl=(14)
cfn=(56) runtime.wakep
calls=0 +190276 3145
* * 20

ob=(1)
fl=(14)
fn=(57) runtime.schedule
+1120 4020 0
cfl=(14)
cfn=(54)
calls=0 -5824 3605
* * 20
cfl=(14)
cfn=(54)
calls=0 -4132 3647
* * 20
cfl=(14)
cfn=(54)
calls=0 -7384 3365
* * 10
+116 4038 0
cfl=(14)
cfn=(55)
calls=0 -1120 3885
* * 20

ob=(1)
fl=(14)
fn=(58) runtime.park_m
+1160 4144 0
cfl=(14)
cfn=(57)
calls=0 -116 4020
* * 50
cfl=(14)
cfn=(57)
calls=0 * 4038
* * 20

ob=(1)
fl=(14)
fn=(50)
+23064 6336 0
cfl=(14)
cfn=(42)
calls=0 +23228 6374
* * 10

ob=(1)
fl=(14)
fn=(42)
+164 6374 0
cfl=(23) /opt/homebrew/Cellar/go/1.24.3/libexec/src/runtime/signal_unix.go
cfn=(59) runtime.preemptM
calls=0 +34932 385
* * 40

ob=(1)
fl=(23)
fn=(59)
+34768 385 0
cfl=(12)
cfn=(60) runtime.signalM
calls=0 +34768 472
* * 40

ob=(1)
fl=(12)
fn=(60)
* 472 0
cfl=(1)
cfn=(2)
calls=0 +34864 208
* * 40

ob=(1)
fl=(4)
fn=(8)
+23744 262 0
cfl=(5)
cfn=(10)
calls=0 +101217 104
* * 10

ob=(1)
fl=(2)
fn=(61) runtime.mallocgc
+90972 1044 0
cfl=(2)
cfn=(22)
calls=0 -286968 1679
* * 10
+48 1058 0
cfl=(2)
cfn=(6)
calls=0 -380407 1397
* * 10
+8 1060 0
cfl=(2)
cfn=(21)
calls=0 -379684 1468
* * 10

ob=(1)
fl=(14)
fn=(56)
+10980 3145 0
cfl=(14)
cfn=(53)
calls=0 -186388 3023
* * 20

ob=(1)
fl=(24) /opt/homebrew/Cellar/go/1.24.3/libexec/src/runtime/slice.go
fn=(62) runtime.makeslice
+9068 116 0
cfl=(2)
cfn=(61)
calls=0 -11036 1044
* * 10

ob=(1)
fl=(24)
fn=(63) runtime.growslice
+1252 272 0
cfl=(2)
cfn=(61)
calls=0 -20056 1058
* * 10
cfl=(2)
cfn=(61)
calls=0 -20048 1060
* * 10
+124 269 0
cfl=(6)
cfn=(11)
calls=0 +24693 54
* * 10

ob=(1)
fl=(16)
fn=(64) runtime.mcall
+13460 193 0
cfl=(14)
cfn=(58)
calls=0 -194192 4144
* * 70

ob=(1)
fl=(16)
fn=(33)
+152 244 0
cfl=(15)
cfn=(26)
calls=0 -375596 1519
* * 20
cfl=(14)
cfn=(24)
calls=0 -381316 2035
* * 10
cfl=(15)
cfn=(26)
calls=0 -375552 1500
* * 10
cfl=(13)
cfn=(34)
calls=0 -363920 561
* * 10
cfl=(18)
cfn=(43)
calls=0 -321912 970
* * 10

ob=(1)
fl=(25) /opt/homebrew/Cellar/go/1.24.3/libexec/src/io/io.go
fn=(65) io.ReadAtLeast
+229284 335 0
cfl=(26) /opt/homebrew/Cellar/go/1.24.3/libexec/src/bufio/bufio.go
cfn=(66) bufio.(*Reader).Read
calls=0 +1761940 245
* * 10

ob=(1)
fl=(27) /opt/homebrew/Cellar/go/1.24.3/libexec/src/syscall/zsyscall_darwin_arm64.go
fn=(67) syscall.read
+33640 1245 0
cfl=(1)
cfn=(1)
calls=0 -237848 28
* * 10

ob=(1)
fl=(27)
fn=(68) syscall.write
+1328 1709 0
cfl=(1)
cfn=(1)
calls=0 -271488 28
* * 20

ob=(1)
fl=(28) /opt/homebrew/Cellar/go/1.24.3/libexec/src/internal/poll/fd_unix.go
fn=(69) internal/poll.(*FD).Read
+95224 161 0
cfl=(28)
cfn=(70) internal/poll.ignoringEINTRIO
calls=0 +95224 745
* * 10

ob=(1)
fl=(28)
fn=(70)
* 745 0
cfl=(29) /opt/homebrew/Cellar/go/1.24.3/libexec/src/syscall/syscall_unix.go
cfn=(71) syscall.Read
calls=0 * 183
* * 10

ob=(1)
fl=(29)
fn=(71)
* 183 0
cfl=(27)
cfn=(67)
calls=0 -96552 1245
* * 10

ob=(1)
fl=(28)
fn=(72) internal/poll.(*FD).Write
+1072 381 0
cfl=(28)
cfn=(70)
calls=0 +1072 745
* * 20

ob=(1)
fl=(28)
fn=(70)
* 745 0
cfl=(29)
cfn=(73) syscall.Write
calls=0 * 211
* * 20

ob=(1)
fl=(29)
fn=(73)
* 211 0
cfl=(27)
cfn=(68)
calls=0 -96296 1709
* * 20

ob=(1)
fl=(30) /opt/homebrew/Cellar/go/1.24.3/libexec/src/os/file.go
fn=(74) os.(*File).Write
+15816 195 0
cfl=(31) /opt/homebrew/Cellar/go/1.24.3/libexec/src/os/file_posix.go
cfn=(75) os.(*File).write
calls=0 +15816 46
* * 20

ob=(1)
fl=(31)
fn=(75)
* 46 0
cfl=(28)
cfn=(72)
calls=0 -15816 381
* * 20

ob=(1)
fl=(32) /opt/homebrew/Cellar/go/1.24.3/libexec/src/bytes/buffer.go
fn=(76) bytes.(*Buffer).WriteTo
+170240 261 0
cfl=(33) /Users/pav/go/pkg/mod/github.com/gdamore/tcell/v2@v2.8.1/tty_unix.go
cfn=(77) github.com/gdamore/tcell/v2.(*devTty).Write
calls=0 +548204 53
* * 20

ob=(1)
fl=(34) /Users/pav/go/pkg/mod/github.com/gdamore/tcell/v2@v2.8.1/terminfo/terminfo.go
fn=(78) github.com/gdamore/tcell/v2/terminfo.(*Terminfo).TParm
+201876 457 0
cfl=(34)
cfn=(79) github.com/gdamore/tcell/v2/terminfo.stack.Push
calls=0 +201876 266
* * 10

ob=(1)
fl=(34)
fn=(79)
* 266 0
cfl=(24)
cfn=(63)
calls=0 -762216 272
* * 10

ob=(1)
fl=(35) /Users/pav/go/pkg/mod/golang.org/x/sys@v0.33.0/unix/zsyscall_darwin_arm64.go
fn=(80) golang.org/x/sys/unix.ioctlPtr
+5292 734 0
cfl=(1)
cfn=(1)
calls=0 -757044 28
* * 30

ob=(1)
fl=(8)
fn=(14)
+108624 408 0
cfl=(7)
cfn=(12)
calls=0 +101449 79
* * 10

ob=(1)
fl=(9)
fn=(15)
+41476 811 0
cfl=(7)
cfn=(13)
calls=0 -6359 120
* * 10
+376 833 0
cfl=(34)
cfn=(81) github.com/gdamore/tcell/v2/terminfo.(*Terminfo).TGoto
calls=0 +376 649
* * 10

ob=(1)
fl=(34)
fn=(81)
* 649 0
cfl=(34)
cfn=(78)
calls=0 -155768 457
* * 10

ob=(1)
fl=(9)
fn=(82) github.com/gdamore/tcell/v2.(*tScreen).Show
+4024 1021 0
cfl=(9)
cfn=(83) github.com/gdamore/tcell/v2.(*tScreen).resize
calls=0 +6120 1195
* * 30
+8 1022 0
cfl=(9)
cfn=(84) github.com/gdamore/tcell/v2.(*tScreen).draw
calls=0 +988 1069
* * 30
cfl=(9)
cfn=(84)
calls=0 +840 1085
* * 20

ob=(1)
fl=(9)
fn=(84)
+832 1085 0
cfl=(32)
cfn=(76)
calls=0 -361676 261
* * 20
+148 1069 0
cfl=(9)
cfn=(15)
calls=0 -5240 811
* * 10
cfl=(9)
cfn=(15)
calls=0 -4971 832
* * 10
cfl=(9)
cfn=(15)
calls=0 -4864 833
* * 10

ob=(1)
fl=(9)
fn=(83)
+1108 1195 0
cfl=(33)
cfn=(85) github.com/gdamore/tcell/v2.(*devTty).WindowSize
calls=0 +17896 142
* * 30

ob=(1)
fl=(33)
fn=(77)
+14200 53 0
cfl=(30)
cfn=(74)
calls=0 -534004 195
* * 20

ob=(1)
fl=(33)
fn=(85)
+2588 142 0
cfl=(36) /Users/pav/go/pkg/mod/golang.org/x/sys@v0.33.0/unix/ioctl_unsigned.go
cfn=(86) golang.org/x/sys/unix.IoctlGetWinsize
calls=0 +2588 61
* * 30

ob=(1)
fl=(36)
fn=(86)
* 61 0
cfl=(35)
cfn=(80)
calls=0 -173384 734
* * 30

ob=(1)
fl=(10)
fn=(87) gantry/tui.(*Terminal).Draw
+6072 50 0
cfl=(37) /Users/pav/dev/cli/gantry/tui/buffer.go
cfn=(88) gantry/tui.NewBuffer
calls=0 +6072 74
* * 10

ob=(1)
fl=(37)
fn=(88)
* 74 0
cfl=(37)
cfn=(89) gantry/tui.createRows
calls=0 * 81
* * 10

ob=(1)
fl=(37)
fn=(90) gantry/tui.createRow
* 88 0
cfl=(24)
cfn=(62)
calls=0 -948216 116
* * 10

ob=(1)
fl=(37)
fn=(89)
* 81 0
cfl=(37)
cfn=(90)
calls=0 * 88
* * 10

ob=(1)
fl=(10)
fn=(87)
+204 52 0
cfl=(38) /Users/pav/dev/cli/gantry/appwidget.go
cfn=(91) main.AppWidget.Render
calls=0 +2103652 54
* * 40
+20 53 0
cfl=(10)
cfn=(16)
calls=0 +232 70
* * 80
cfl=(10)
cfn=(16)
calls=0 +364 66
* * 20
cfl=(10)
cfn=(16)
calls=0 +469 63
* * 10

ob=(1)
fl=(10)
fn=(16)
+212 70 0
cfl=(9)
cfn=(82)
calls=0 -25172 1022
* * 50
cfl=(9)
cfn=(82)
calls=0 -25180 1021
* * 30
+132 66 0
cfl=(8)
cfn=(14)
calls=0 -71268 408
* * 10
cfl=(8)
cfn=(14)
calls=0 -71248 409
* * 10

ob=(1)
fl=(39) /Users/pav/dev/cli/gantry/widget/paragraph/paragraph.go
fn=(92) gantry/widget/paragraph.reflow
+1764 24 0
cfl=(4)
cfn=(8)
calls=0 -1059860 262
* * 10
cfl=(4)
cfn=(8)
calls=0 -1059719 271
* * 10
+60 24 0
cfl=(24)
cfn=(63)
calls=0 -949296 272
* * 10
+196 36 0
cfl=(24)
cfn=(63)
calls=0 -949232 269
* * 10

ob=(1)
fl=(39)
fn=(93) gantry/widget/paragraph.(*Paragraph).Render
+548 53 0
cfl=(39)
cfn=(92)
calls=0 -256 24
* * 20
cfl=(39)
cfn=(92)
calls=0 -196 24
* * 10
cfl=(39)
cfn=(92)
calls=0 * 36
* * 10

ob=(1)
fl=(40) /opt/homebrew/Cellar/go/1.24.3/libexec/src/net/fd_posix.go
fn=(94) net.(*netFD).Read
+340336 55 0
cfl=(28)
cfn=(69)
calls=0 -576888 161
* * 10

ob=(1)
fl=(41) /opt/homebrew/Cellar/go/1.24.3/libexec/src/net/net.go
fn=(95) net.(*conn).Read
+35756 194 0
cfl=(40)
cfn=(94)
calls=0 * 55
* * 10

ob=(1)
fl=(26)
fn=(66)
+449484 245 0
cfl=(42) /opt/homebrew/Cellar/go/1.24.3/libexec/src/net/http/transport.go
cfn=(96) net/http.(*persistConn).Read
calls=0 +996760 2122
* * 10

ob=(1)
fl=(25)
fn=(97) io.ReadFull
+155500 354 0
cfl=(25)
cfn=(65)
calls=0 -1532656 335
* * 10

ob=(1)
fl=(43) /opt/homebrew/Cellar/go/1.24.3/libexec/src/net/http/internal/chunked.go
fn=(98) net/http/internal.(*chunkedReader).Read
* 106 0
cfl=(25)
cfn=(97)
calls=0 * 354
* * 10

ob=(1)
fl=(44) /opt/homebrew/Cellar/go/1.24.3/libexec/src/net/http/transfer.go
fn=(99) net/http.(*body).Read
+348272 837 0
cfl=(44)
cfn=(100) net/http.(*body).readLocked
calls=0 +348608 845
* * 10

ob=(1)
fl=(44)
fn=(100)
+336 845 0
cfl=(43)
cfn=(98)
calls=0 -348272 106
* * 10

ob=(1)
fl=(42)
fn=(96)
+43168 2122 0
cfl=(41)
cfn=(95)
calls=0 -953592 194
* * 10

ob=(1)
fl=(42)
fn=(101) net/http.(*bodyEOFSignal).Read
+15700 2984 0
cfl=(44)
cfn=(99)
calls=0 -43504 837
* * 10

ob=(1)
fl=(45) /Users/pav/go/pkg/mod/go.opentelemetry.io/contrib/instrumentation/net/http/otelhttp@v0.61.0/transport.go
fn=(102) go.opentelemetry.io/contrib/instrumentation/net/http/otelhttp.(*wrappedBody).Read
+667360 229 0
cfl=(42)
cfn=(101)
calls=0 * 2984
* * 10

ob=(1)
fl=(46) /Users/pav/go/pkg/mod/github.com/docker/docker@v28.1.1+incompatible/pkg/stdcopy/stdcopy.go
fn=(103) github.com/docker/docker/pkg/stdcopy.StdCopy
+38648 108 0
cfl=(45)
cfn=(102)
calls=0 * 229
* * 10

ob=(1)
fl=(47) /Users/pav/dev/cli/gantry/docker/docker.go
fn=(104) gantry/docker.Client.ContainerLogs
+2500 107 0
cfl=(46)
cfn=(103)
calls=0 * 108
* * 10

ob=(1)
fl=(38)
fn=(91)
+3456 54 0
cfl=(39)
cfn=(93)
calls=0 -2097060 53
* * 40

ob=(1)
fl=(22)
fn=(49)
+804 46 0
cfl=(10)
cfn=(87)
calls=0 -2103428 53
* * 110
cfl=(10)
cfn=(87)
calls=0 -2103448 52
* * 40
cfl=(10)
cfn=(87)
calls=0 -2103652 50
* * 10
+44 53 0
cfl=(22)
cfn=(105) main.handleMsg
calls=0 +1396 98
* * 10

ob=(1)
fl=(22)
fn=(105)
+1352 98 0
cfl=(48) /Users/pav/dev/cli/gantry/state.go
cfn=(106) main.(*ApplicationState).Update
calls=0 +2112 77
* * 10

ob=(1)
fl=(48)
fn=(106)
+760 77 0
cfl=(47)
cfn=(104)
calls=0 -5656 107
* * 10
